<?xml version="1.0" encoding="UTF-8"?>
<!-- Generated by org.testng.reporters.JUnitXMLReporter -->
<testsuite ignored="0" hostname="KRISH246" failures="1" tests="2" name="Sanity Tests" time="94.384" errors="0" timestamp="2024-02-22T10:07:48 IST">
  <testcase classname="sanity.onitsuka.SanityOnitsukaLoginAndNavigationTest" name="testOnitSukaMenCategoryNavigation" time="66.471"/>
  <testcase classname="sanity.onitsuka.SanityOnitsukaLoginAndNavigationTest" name="testOnitSukaPageHeaderTitle" time="10.344">
    <failure type="org.junit.ComparisonFailure" message="expected:&amp;lt;&amp;quot;MAGAZINE[ SHOPPING BRAND ALL MEN WOMEN KIDS 検索 マイショッピングバッグ MY WISHLIST コンテンツにスキップ ]変更&amp;quot;&amp;gt; but was:&amp;lt;&amp;quot;MAGAZINE[
SHOPPING
BRAND
ALL
MEN
WOMEN
KIDS
検索
マイショッピングバッグ
My Wishlist
コンテンツにスキップ
日本
]変更&amp;quot;&amp;gt;">
      <![CDATA[org.junit.ComparisonFailure: expected:<"MAGAZINE[ SHOPPING BRAND ALL MEN WOMEN KIDS 検索 マイショッピングバッグ MY WISHLIST コンテンツにスキップ ]変更"> but was:<"MAGAZINE[
SHOPPING
BRAND
ALL
MEN
WOMEN
KIDS
検索
マイショッピングバッグ
My Wishlist
コンテンツにスキップ
日本
]変更">
at common.UtilitiesCommon.verifyText(UtilitiesCommon.java:1137)
at page.onitsuka.OnitsukaPage.verifyOnitSukaPageHeaderTitle(OnitsukaPage.java:20)
at sanity.onitsuka.SanityOnitsukaLoginAndNavigationTest.testOnitSukaPageHeaderTitle(SanityOnitsukaLoginAndNavigationTest.java:25)
at java.base/java.util.ArrayList.forEach(ArrayList.java:1511)
... Removed 31 stack frames]]>
    </failure>
  </testcase> <!-- testOnitSukaPageHeaderTitle -->
</testsuite> <!-- Sanity Tests -->
