<?xml version="1.0" encoding="UTF-8"?>
<!-- Generated by org.testng.reporters.JUnitXMLReporter -->
<testsuite ignored="1" hostname="KRISH246" failures="0" tests="1" name="Default test" time="55.801" errors="0" timestamp="2024-03-07T16:27:16 IST">
  <testcase classname="sanity.onitsuka.SanityOnitsukaLoginAndNavigationTest" name="testOnitSukaMenCategoryNavigation" time="35.544"/>
  <testcase classname="sanity.onitsuka.SanityOnitsukaLoginAndNavigationTest" name="testOnitSukaPageHeaderTitle" time="0.0">
    <ignored/>
  </testcase> <!-- testOnitSukaPageHeaderTitle -->
</testsuite> <!-- Default test -->
