<?xml version="1.0" encoding="UTF-8"?>
<testng-results ignored="1" total="2" passed="1" failed="0" skipped="0">
  <reporter-output>
  </reporter-output>
  <suite started-at="2024-03-13T14:48:09 IST" name="Local Test Suite" finished-at="2024-03-13T14:48:39 IST" duration-ms="30256">
    <groups>
    </groups>
    <test started-at="2024-03-13T14:48:09 IST" name="Local Tests" finished-at="2024-03-13T14:48:39 IST" duration-ms="30256">
      <class name="sanity.onitsuka.SanityOnitsukaLoginAndNavigationTest">
        <test-method signature="testOnitSukaMenCategoryNavigation()[pri:0, instance:sanity.onitsuka.SanityOnitsukaLoginAndNavigationTest@73d69c0f]" started-at="2024-03-13T14:48:12 IST" name="testOnitSukaMenCategoryNavigation" finished-at="2024-03-13T14:48:27 IST" duration-ms="15060" status="PASS">
          <reporter-output>
          </reporter-output>
        </test-method> <!-- testOnitSukaMenCategoryNavigation -->
      </class> <!-- sanity.onitsuka.SanityOnitsukaLoginAndNavigationTest -->
    </test> <!-- Local Tests -->
  </suite> <!-- Local Test Suite -->
</testng-results>
