<?xml version="1.0" encoding="UTF-8"?>
<!-- Generated by org.testng.reporters.JUnitXMLReporter -->
<testsuite ignored="1" hostname="KRISH117" failures="0" tests="1" name="Local Tests" time="30.256" errors="0" timestamp="2024-03-13T14:48:39 IST">
  <testcase classname="sanity.onitsuka.SanityOnitsukaLoginAndNavigationTest" name="testOnitSukaMenCategoryNavigation" time="15.06"/>
  <testcase classname="sanity.onitsuka.SanityOnitsukaLoginAndNavigationTest" name="testOnitSukaPageHeaderTitle" time="0.0">
    <ignored/>
  </testcase> <!-- testOnitSukaPageHeaderTitle -->
</testsuite> <!-- Local Tests -->
