<?xml version="1.0" encoding="UTF-8"?>
<!-- Generated by org.testng.reporters.JUnitXMLReporter -->
<testsuite ignored="1" hostname="KRISH117" failures="0" tests="1" name="Local Tests" time="31.637" errors="0" timestamp="2024-03-13T10:56:51 IST">
  <testcase classname="sanity.onitsuka.SanityOnitsukaLoginAndNavigationTest" name="testOnitSukaMenCategoryNavigation" time="20.968"/>
  <testcase classname="sanity.onitsuka.SanityOnitsukaLoginAndNavigationTest" name="testOnitSukaPageHeaderTitle" time="0.0">
    <ignored/>
  </testcase> <!-- testOnitSukaPageHeaderTitle -->
</testsuite> <!-- Local Tests -->
