<?xml version="1.0" encoding="UTF-8"?>
<testng-results ignored="1" total="2" passed="1" failed="0" skipped="0">
  <reporter-output>
  </reporter-output>
  <suite started-at="2024-03-21T22:46:32 IST" name="Local Test Suite" finished-at="2024-03-21T22:47:42 IST" duration-ms="69787">
    <groups>
    </groups>
    <test started-at="2024-03-21T22:46:32 IST" name="Local Tests" finished-at="2024-03-21T22:47:42 IST" duration-ms="69787">
      <class name="sanity.onitsuka.SanityOnitsukaLoginAndNavigationTest">
        <test-method signature="testOnitSukaMenCategoryNavigation()[pri:0, instance:sanity.onitsuka.SanityOnitsukaLoginAndNavigationTest@5ca1f591]" started-at="2024-03-21T22:46:35 IST" name="testOnitSukaMenCategoryNavigation" finished-at="2024-03-21T22:47:04 IST" duration-ms="28603" status="PASS">
          <reporter-output>
          </reporter-output>
        </test-method> <!-- testOnitSukaMenCategoryNavigation -->
      </class> <!-- sanity.onitsuka.SanityOnitsukaLoginAndNavigationTest -->
    </test> <!-- Local Tests -->
  </suite> <!-- Local Test Suite -->
</testng-results>
