<?xml version="1.0" encoding="UTF-8"?>
<testng-results ignored="1" total="2" passed="1" failed="0" skipped="0">
  <reporter-output>
  </reporter-output>
  <suite started-at="2024-03-12T14:47:49 IST" name="Local Test Suite" finished-at="2024-03-12T14:48:23 IST" duration-ms="33246">
    <groups>
    </groups>
    <test started-at="2024-03-12T14:47:49 IST" name="Local Tests" finished-at="2024-03-12T14:48:23 IST" duration-ms="33246">
      <class name="sanity.onitsuka.SanityOnitsukaLoginAndNavigationTest">
        <test-method signature="testOnitSukaMenCategoryNavigation()[pri:0, instance:sanity.onitsuka.SanityOnitsukaLoginAndNavigationTest@6a969fb8]" started-at="2024-03-12T14:47:53 IST" name="testOnitSukaMenCategoryNavigation" finished-at="2024-03-12T14:48:12 IST" duration-ms="18725" status="PASS">
          <reporter-output>
          </reporter-output>
        </test-method> <!-- testOnitSukaMenCategoryNavigation -->
      </class> <!-- sanity.onitsuka.SanityOnitsukaLoginAndNavigationTest -->
    </test> <!-- Local Tests -->
  </suite> <!-- Local Test Suite -->
</testng-results>
